[NX Daemon Server] - 2024-08-26T11:14:15.486Z - Started listening on: /var/folders/kq/tbtm39v555j9l5cnm5plx35w0000gp/T/13014c9eca4161f46ccb/d.sock
[NX Daemon Server] - 2024-08-26T11:14:15.489Z - [WATCHER]: Subscribed to changes within: /Users/igor.duspara/workspace/lerna (native)
[NX Daemon Server] - 2024-08-26T11:14:15.497Z - Established a connection. Number of open connections: 1
[NX Daemon Server] - 2024-08-26T11:14:15.497Z - Established a connection. Number of open connections: 2
[NX Daemon Server] - 2024-08-26T11:14:15.498Z - [REQUEST]: Client Request for Project Graph Received
[NX Daemon Server] - 2024-08-26T11:14:15.517Z - Closed a connection. Number of open connections: 1
[NX Daemon Server] - 2024-08-26T11:14:15.615Z - [REQUEST]: Updated workspace context based on watched changes, recomputing project graph...
[NX Daemon Server] - 2024-08-26T11:14:15.615Z - [REQUEST]: 
[NX Daemon Server] - 2024-08-26T11:14:15.615Z - [REQUEST]: 
[NX Daemon Server] - 2024-08-26T11:14:15.620Z - Time taken for 'loadNxPlugins' 116.56579208374023ms
[NX Daemon Server] - 2024-08-26T11:14:15.638Z - Time taken for 'build-project-configs' 12.71579098701477ms
[NX Daemon Server] - 2024-08-26T11:14:15.678Z - [SYNC]: collect registered sync generators
[NX Daemon Server] - 2024-08-26T11:14:15.678Z - [SYNC]: scheduling: []
[NX Daemon Server] - 2024-08-26T11:14:15.679Z - [REQUEST]: Responding to the client. project-graph
[NX Daemon Server] - 2024-08-26T11:14:15.679Z - Time taken for 'total for creating and serializing project graph' 180.58904194831848ms
[NX Daemon Server] - 2024-08-26T11:14:15.683Z - Done responding to the client project-graph
[NX Daemon Server] - 2024-08-26T11:14:15.683Z - Handled REQUEST_PROJECT_GRAPH. Handling time: 181. Response time: 4.
[NX Daemon Server] - 2024-08-26T11:14:15.685Z - [REQUEST]: Responding to the client. handleContextFileData
[NX Daemon Server] - 2024-08-26T11:14:15.685Z - Done responding to the client handleContextFileData
[NX Daemon Server] - 2024-08-26T11:14:15.685Z - Handled GET_CONTEXT_FILE_DATA. Handling time: 0. Response time: 0.
[NX Daemon Server] - 2024-08-26T11:14:15.711Z - [REQUEST]: Client Request for Project Graph Received
[NX Daemon Server] - 2024-08-26T11:14:15.711Z - [REQUEST]: Responding to the client. project-graph
[NX Daemon Server] - 2024-08-26T11:14:15.712Z - Time taken for 'total for creating and serializing project graph' 0.14870810508728027ms
[NX Daemon Server] - 2024-08-26T11:14:15.712Z - Done responding to the client project-graph
[NX Daemon Server] - 2024-08-26T11:14:15.712Z - Handled REQUEST_PROJECT_GRAPH. Handling time: 0. Response time: 1.
[NX Daemon Server] - 2024-08-26T11:14:15.724Z - [REQUEST]: Responding to the client. handleHashTasks
[NX Daemon Server] - 2024-08-26T11:14:15.724Z - Done responding to the client handleHashTasks
[NX Daemon Server] - 2024-08-26T11:14:15.724Z - Handled HASH_TASKS. Handling time: 7. Response time: 0.
[NX Daemon Server] - 2024-08-26T11:14:17.986Z - [REQUEST]: Responding to the client. recordOutputsHash
[NX Daemon Server] - 2024-08-26T11:14:17.986Z - Done responding to the client recordOutputsHash
[NX Daemon Server] - 2024-08-26T11:14:17.986Z - Handled RECORD_OUTPUTS_HASH. Handling time: 1. Response time: 0.
[NX Daemon Server] - 2024-08-26T11:14:17.988Z - [REQUEST]: Responding to the client. handleWriteTaskRunsToHistory
[NX Daemon Server] - 2024-08-26T11:14:17.988Z - Done responding to the client handleWriteTaskRunsToHistory
[NX Daemon Server] - 2024-08-26T11:14:17.988Z - Handled WRITE_TASK_RUNS_TO_HISTORY. Handling time: 0. Response time: 0.
[NX Daemon Server] - 2024-08-26T11:14:17.989Z - [REQUEST]: Responding to the client. handleGetTaskHistoryForHashes
[NX Daemon Server] - 2024-08-26T11:14:17.989Z - Done responding to the client handleGetTaskHistoryForHashes
[NX Daemon Server] - 2024-08-26T11:14:17.989Z - Handled GET_TASK_HISTORY_FOR_HASHES. Handling time: 0. Response time: 0.
[NX Daemon Server] - 2024-08-26T11:14:17.992Z - Closed a connection. Number of open connections: 0
[NX Daemon Server] - 2024-08-26T11:14:18.026Z - [WATCHER]: 3 file(s) created or restored, 0 file(s) modified, 0 file(s) deleted
[NX Daemon Server] - 2024-08-26T11:14:18.026Z - [WATCHER]: Processing file changes in outputs
[NX Daemon Server] - 2024-08-26T11:14:18.127Z - [REQUEST]: Updated workspace context based on watched changes, recomputing project graph...
[NX Daemon Server] - 2024-08-26T11:14:18.127Z - [REQUEST]: packages/react-project/dist/bundle.js.LICENSE.txt,packages/react-project/dist/index.html,packages/react-project/dist/bundle.js
[NX Daemon Server] - 2024-08-26T11:14:18.127Z - [REQUEST]: 
[NX Daemon Server] - 2024-08-26T11:14:18.128Z - Time taken for 'hash changed files from watcher' 0.19933295249938965ms
[NX Daemon Server] - 2024-08-26T11:14:18.136Z - Time taken for 'build-project-configs' 6.659542083740234ms
[NX Daemon Server] - 2024-08-26T11:14:18.147Z - [SYNC]: collect registered sync generators
[NX Daemon Server] - 2024-08-26T11:14:18.148Z - [SYNC]: project graph hash is the same, not collecting task sync generators
[NX Daemon Server] - 2024-08-26T11:14:18.148Z - [SYNC]: nx.json hash is the same, not collecting global sync generators
[NX Daemon Server] - 2024-08-26T11:14:18.148Z - [SYNC]: scheduling: []
[NX Daemon Server] - 2024-08-26T11:14:18.148Z - Time taken for 'total execution time for createProjectGraph()' 9.34737491607666ms
[NX Daemon Server] - 2024-08-26T11:15:25.255Z - [WATCHER]: packages/base/package.json was modified
[NX Daemon Server] - 2024-08-26T11:15:25.255Z - [WATCHER]: Processing file changes in outputs
[NX Daemon Server] - 2024-08-26T11:15:25.458Z - [REQUEST]: Updated workspace context based on watched changes, recomputing project graph...
[NX Daemon Server] - 2024-08-26T11:15:25.458Z - [REQUEST]: packages/base/package.json
[NX Daemon Server] - 2024-08-26T11:15:25.458Z - [REQUEST]: 
[NX Daemon Server] - 2024-08-26T11:15:25.462Z - Time taken for 'hash changed files from watcher' 0.39845800399780273ms
[NX Daemon Server] - 2024-08-26T11:15:25.480Z - Time taken for 'build-project-configs' 17.513458967208862ms
[NX Daemon Server] - 2024-08-26T11:15:25.502Z - [SYNC]: collect registered sync generators
[NX Daemon Server] - 2024-08-26T11:15:25.502Z - [SYNC]: nx.json hash is the same, not collecting global sync generators
[NX Daemon Server] - 2024-08-26T11:15:25.502Z - [SYNC]: scheduling: []
[NX Daemon Server] - 2024-08-26T11:15:25.502Z - Time taken for 'total execution time for createProjectGraph()' 18.650749921798706ms
[NX Daemon Server] - 2024-08-26T11:15:27.840Z - Established a connection. Number of open connections: 1
[NX Daemon Server] - 2024-08-26T11:15:27.840Z - Closed a connection. Number of open connections: 0
[NX Daemon Server] - 2024-08-26T11:15:27.840Z - Established a connection. Number of open connections: 1
[NX Daemon Server] - 2024-08-26T11:15:27.841Z - [REQUEST]: Client Request for Project Graph Received
[NX Daemon Server] - 2024-08-26T11:15:27.841Z - [REQUEST]: Responding to the client. project-graph
[NX Daemon Server] - 2024-08-26T11:15:27.842Z - Time taken for 'total for creating and serializing project graph' 0.10879087448120117ms
[NX Daemon Server] - 2024-08-26T11:15:27.843Z - Done responding to the client project-graph
[NX Daemon Server] - 2024-08-26T11:15:27.843Z - Handled REQUEST_PROJECT_GRAPH. Handling time: 0. Response time: 2.
[NX Daemon Server] - 2024-08-26T11:15:27.845Z - [REQUEST]: Responding to the client. handleContextFileData
[NX Daemon Server] - 2024-08-26T11:15:27.845Z - Done responding to the client handleContextFileData
[NX Daemon Server] - 2024-08-26T11:15:27.845Z - Handled GET_CONTEXT_FILE_DATA. Handling time: 0. Response time: 0.
[NX Daemon Server] - 2024-08-26T11:15:27.867Z - [REQUEST]: Client Request for Project Graph Received
[NX Daemon Server] - 2024-08-26T11:15:27.867Z - [REQUEST]: Responding to the client. project-graph
[NX Daemon Server] - 2024-08-26T11:15:27.868Z - Time taken for 'total for creating and serializing project graph' 0.12674999237060547ms
[NX Daemon Server] - 2024-08-26T11:15:27.868Z - Done responding to the client project-graph
[NX Daemon Server] - 2024-08-26T11:15:27.869Z - Handled REQUEST_PROJECT_GRAPH. Handling time: 0. Response time: 2.
[NX Daemon Server] - 2024-08-26T11:15:27.879Z - [REQUEST]: Responding to the client. handleHashTasks
[NX Daemon Server] - 2024-08-26T11:15:27.879Z - Done responding to the client handleHashTasks
[NX Daemon Server] - 2024-08-26T11:15:27.879Z - Handled HASH_TASKS. Handling time: 6. Response time: 0.
[NX Daemon Server] - 2024-08-26T11:15:28.151Z - [REQUEST]: Responding to the client. recordOutputsHash
[NX Daemon Server] - 2024-08-26T11:15:28.152Z - Done responding to the client recordOutputsHash
[NX Daemon Server] - 2024-08-26T11:15:28.152Z - Handled RECORD_OUTPUTS_HASH. Handling time: 0. Response time: 1.
[NX Daemon Server] - 2024-08-26T11:15:30.379Z - [REQUEST]: Responding to the client. recordOutputsHash
[NX Daemon Server] - 2024-08-26T11:15:30.379Z - Done responding to the client recordOutputsHash
[NX Daemon Server] - 2024-08-26T11:15:30.379Z - Handled RECORD_OUTPUTS_HASH. Handling time: 1. Response time: 0.
[NX Daemon Server] - 2024-08-26T11:15:30.381Z - [REQUEST]: Responding to the client. handleWriteTaskRunsToHistory
[NX Daemon Server] - 2024-08-26T11:15:30.381Z - Done responding to the client handleWriteTaskRunsToHistory
[NX Daemon Server] - 2024-08-26T11:15:30.381Z - Handled WRITE_TASK_RUNS_TO_HISTORY. Handling time: 1. Response time: 0.
[NX Daemon Server] - 2024-08-26T11:15:30.381Z - [REQUEST]: Responding to the client. handleGetTaskHistoryForHashes
[NX Daemon Server] - 2024-08-26T11:15:30.381Z - Done responding to the client handleGetTaskHistoryForHashes
[NX Daemon Server] - 2024-08-26T11:15:30.381Z - Handled GET_TASK_HISTORY_FOR_HASHES. Handling time: 0. Response time: 0.
[NX Daemon Server] - 2024-08-26T11:15:30.384Z - Closed a connection. Number of open connections: 0
[NX Daemon Server] - 2024-08-26T11:17:16.369Z - Established a connection. Number of open connections: 1
[NX Daemon Server] - 2024-08-26T11:17:16.369Z - Closed a connection. Number of open connections: 0
[NX Daemon Server] - 2024-08-26T11:17:16.369Z - Established a connection. Number of open connections: 1
[NX Daemon Server] - 2024-08-26T11:17:16.370Z - [REQUEST]: Client Request for Project Graph Received
[NX Daemon Server] - 2024-08-26T11:17:16.370Z - [REQUEST]: Responding to the client. project-graph
[NX Daemon Server] - 2024-08-26T11:17:16.371Z - Time taken for 'total for creating and serializing project graph' 0.1158750057220459ms
[NX Daemon Server] - 2024-08-26T11:17:16.372Z - Done responding to the client project-graph
[NX Daemon Server] - 2024-08-26T11:17:16.372Z - Handled REQUEST_PROJECT_GRAPH. Handling time: 0. Response time: 2.
[NX Daemon Server] - 2024-08-26T11:17:16.375Z - [REQUEST]: Responding to the client. handleContextFileData
[NX Daemon Server] - 2024-08-26T11:17:16.375Z - Done responding to the client handleContextFileData
[NX Daemon Server] - 2024-08-26T11:17:16.375Z - Handled GET_CONTEXT_FILE_DATA. Handling time: 0. Response time: 0.
[NX Daemon Server] - 2024-08-26T11:17:16.412Z - Closed a connection. Number of open connections: 0
[NX Daemon Server] - 2024-08-26T11:17:41.803Z - Established a connection. Number of open connections: 1
[NX Daemon Server] - 2024-08-26T11:17:41.804Z - Closed a connection. Number of open connections: 0
[NX Daemon Server] - 2024-08-26T11:17:41.804Z - Established a connection. Number of open connections: 1
[NX Daemon Server] - 2024-08-26T11:17:41.805Z - [REQUEST]: Client Request for Project Graph Received
[NX Daemon Server] - 2024-08-26T11:17:41.805Z - [REQUEST]: Responding to the client. project-graph
[NX Daemon Server] - 2024-08-26T11:17:41.806Z - Time taken for 'total for creating and serializing project graph' 0.23758316040039062ms
[NX Daemon Server] - 2024-08-26T11:17:41.807Z - Done responding to the client project-graph
[NX Daemon Server] - 2024-08-26T11:17:41.807Z - Handled REQUEST_PROJECT_GRAPH. Handling time: 0. Response time: 2.
[NX Daemon Server] - 2024-08-26T11:17:41.810Z - [REQUEST]: Responding to the client. handleContextFileData
[NX Daemon Server] - 2024-08-26T11:17:41.810Z - Done responding to the client handleContextFileData
[NX Daemon Server] - 2024-08-26T11:17:41.810Z - Handled GET_CONTEXT_FILE_DATA. Handling time: 0. Response time: 0.
[NX Daemon Server] - 2024-08-26T11:17:41.865Z - Closed a connection. Number of open connections: 0
[NX Daemon Server] - 2024-08-26T11:19:33.680Z - Established a connection. Number of open connections: 1
[NX Daemon Server] - 2024-08-26T11:19:33.680Z - Closed a connection. Number of open connections: 0
[NX Daemon Server] - 2024-08-26T11:19:33.680Z - Established a connection. Number of open connections: 1
[NX Daemon Server] - 2024-08-26T11:19:33.681Z - [REQUEST]: Client Request for Project Graph Received
[NX Daemon Server] - 2024-08-26T11:19:33.682Z - [REQUEST]: Responding to the client. project-graph
[NX Daemon Server] - 2024-08-26T11:19:33.684Z - Time taken for 'total for creating and serializing project graph' 0.2668750286102295ms
[NX Daemon Server] - 2024-08-26T11:19:33.685Z - Done responding to the client project-graph
[NX Daemon Server] - 2024-08-26T11:19:33.685Z - Handled REQUEST_PROJECT_GRAPH. Handling time: 1. Response time: 3.
[NX Daemon Server] - 2024-08-26T11:19:33.688Z - [REQUEST]: Responding to the client. handleContextFileData
[NX Daemon Server] - 2024-08-26T11:19:33.689Z - Done responding to the client handleContextFileData
[NX Daemon Server] - 2024-08-26T11:19:33.689Z - Handled GET_CONTEXT_FILE_DATA. Handling time: 0. Response time: 1.
[NX Daemon Server] - 2024-08-26T11:19:35.519Z - Closed a connection. Number of open connections: 0
[NX Daemon Server] - 2024-08-26T11:19:55.095Z - Established a connection. Number of open connections: 1
[NX Daemon Server] - 2024-08-26T11:19:55.096Z - Established a connection. Number of open connections: 2
[NX Daemon Server] - 2024-08-26T11:19:55.097Z - [REQUEST]: Client Request for Project Graph Received
[NX Daemon Server] - 2024-08-26T11:19:55.097Z - [REQUEST]: Responding to the client. project-graph
[NX Daemon Server] - 2024-08-26T11:19:55.099Z - Time taken for 'total for creating and serializing project graph' 0.46637511253356934ms
[NX Daemon Server] - 2024-08-26T11:19:55.099Z - Closed a connection. Number of open connections: 1
[NX Daemon Server] - 2024-08-26T11:19:55.101Z - Done responding to the client project-graph
[NX Daemon Server] - 2024-08-26T11:19:55.101Z - Handled REQUEST_PROJECT_GRAPH. Handling time: 0. Response time: 4.
[NX Daemon Server] - 2024-08-26T11:19:55.104Z - [REQUEST]: Responding to the client. handleContextFileData
[NX Daemon Server] - 2024-08-26T11:19:55.104Z - Done responding to the client handleContextFileData
[NX Daemon Server] - 2024-08-26T11:19:55.104Z - Handled GET_CONTEXT_FILE_DATA. Handling time: 0. Response time: 0.
[NX Daemon Server] - 2024-08-26T11:19:56.774Z - Closed a connection. Number of open connections: 0
